Arguments: 
  C:\Program Files\nodejs\node.exe C:\Program Files (x86)\Yarn\bin\yarn.js

PATH: 
  C:\ProgramData\Oracle\Java\javapath;C:\Program Files (x86)\Common Files\NetSarang;C:\Windows\system32;C:\Windows;C:\Windows\System32\Wbem;C:\Windows\System32\WindowsPowerShell\v1.0\;C:\Program Files (x86)\NVIDIA Corporation\PhysX\Common;C:\Program Files\TortoiseSVN\bin;C:\Program Files\nodejs\;C:\Program Files (x86)\Yarn\bin;C:\Program Files\Git\cmd;C:\Users\lenovo\AppData\Local\Programs\Python\Python35\Scripts\;C:\Users\lenovo\AppData\Local\Programs\Python\Python35\;C:\Users\lenovo\AppData\Roaming\npm;C:\Program Files (x86)\Microsoft VS Code\bin;C:\Users\lenovo\AppData\Local\Yarn\bin;C:\Program Files (x86)\Yarn\bin;C:\Python27;C:\Program Files\TortoiseSVN\bin;C:\Program Files (x86)\Java\jdk1.8.0_144\bin;C:\Users\lenovo\AppData\Roaming\LanxinSoft\Resource\Docs\Apache-Subversion-1.9.7\bin;C:\Program Files (x86)\Java\jre1.8.0_144\bin

Yarn version: 
  0.27.5

Node version: 
  8.2.1

Platform: 
  win32 x64

npm manifest: 
  {
    "name": "antddemo",
    "version": "1.0.0",
    "description": "",
    "main": "index.js",
    "scripts": {
      "test": "echo \"Error: no test specified\" && exit 1",
      "build": "webpack --config webpack-dev-config.js",
      "dev": "webpack-dev-server --config webpack-dev-config.js"
    },
    "repository": {
      "type": "git",
      "url": "git+https://github.com/vonxq/antdDemo.git"
    },
    "author": "",
    "license": "ISC",
    "bugs": {
      "url": "https://github.com/vonxq/antdDemo/issues"
    },
    "homepage": "https://github.com/vonxq/antdDemo#readme",
    "devDependencies": {
      "babel-core": "^6.26.0",
      "babel-loader": "^7.1.2",
      "babel-preset-es2015": "^6.24.1",
      "babel-preset-react": "^6.24.1",
      "webpack": "^3.6.0"
    },
    "dependencies": {
      "react": "^16.0.0",
      "react-dom": "^16.0.0",
      "webpack-dev-server": "^2.9.1"
    }
  }

yarn manifest: 
  No manifest

Lockfile: 
  No lockfile

Trace: 
  Error: self signed certificate
      at TLSSocket.<anonymous> (_tls_wrap.js:1098:38)
      at emitNone (events.js:105:13)
      at TLSSocket.emit (events.js:207:7)
      at TLSSocket._finishInit (_tls_wrap.js:628:8)
      at TLSWrap.ssl.onhandshakedone (_tls_wrap.js:458:38)
